e:\10.work\17.after eintelligence\03.구직\99.glim\drawcircle\mfcdialogbased\mfcdialogbased\x64\debug\mfcdialogbased.pch
e:\10.work\17.after eintelligence\03.구직\99.glim\drawcircle\mfcdialogbased\mfcdialogbased\x64\debug\vc143.pdb
e:\10.work\17.after eintelligence\03.구직\99.glim\drawcircle\mfcdialogbased\mfcdialogbased\x64\debug\vc143.idb
e:\10.work\17.after eintelligence\03.구직\99.glim\drawcircle\mfcdialogbased\mfcdialogbased\x64\debug\pch.obj
e:\10.work\17.after eintelligence\03.구직\99.glim\drawcircle\mfcdialogbased\mfcdialogbased\x64\debug\mfcdialogbaseddlg.obj
e:\10.work\17.after eintelligence\03.구직\99.glim\drawcircle\mfcdialogbased\mfcdialogbased\x64\debug\mfcdialogbased.obj
e:\10.work\17.after eintelligence\03.구직\99.glim\drawcircle\mfcdialogbased\mfcdialogbased\x64\debug\drawstatic.obj
e:\10.work\17.after eintelligence\03.구직\99.glim\drawcircle\mfcdialogbased\x64\debug\mfcdialogbased.exe
e:\10.work\17.after eintelligence\03.구직\99.glim\drawcircle\mfcdialogbased\x64\debug\mfcdialogbased.pdb
e:\10.work\17.after eintelligence\03.구직\99.glim\drawcircle\mfcdialogbased\mfcdialogbased\x64\debug\mfcdialogbased.res
e:\10.work\17.after eintelligence\03.구직\99.glim\drawcircle\mfcdialogbased\mfcdialogbased\x64\debug\mfcdialogbased.ilk
e:\10.work\17.after eintelligence\03.구직\99.glim\drawcircle\mfcdialogbased\mfcdialogbased\x64\debug\mfcdialogbased.tlog\cl.command.1.tlog
e:\10.work\17.after eintelligence\03.구직\99.glim\drawcircle\mfcdialogbased\mfcdialogbased\x64\debug\mfcdialogbased.tlog\cl.items.tlog
e:\10.work\17.after eintelligence\03.구직\99.glim\drawcircle\mfcdialogbased\mfcdialogbased\x64\debug\mfcdialogbased.tlog\cl.read.1.tlog
e:\10.work\17.after eintelligence\03.구직\99.glim\drawcircle\mfcdialogbased\mfcdialogbased\x64\debug\mfcdialogbased.tlog\cl.write.1.tlog
e:\10.work\17.after eintelligence\03.구직\99.glim\drawcircle\mfcdialogbased\mfcdialogbased\x64\debug\mfcdialogbased.tlog\link.command.1.tlog
e:\10.work\17.after eintelligence\03.구직\99.glim\drawcircle\mfcdialogbased\mfcdialogbased\x64\debug\mfcdialogbased.tlog\link.read.1.tlog
e:\10.work\17.after eintelligence\03.구직\99.glim\drawcircle\mfcdialogbased\mfcdialogbased\x64\debug\mfcdialogbased.tlog\link.secondary.1.tlog
e:\10.work\17.after eintelligence\03.구직\99.glim\drawcircle\mfcdialogbased\mfcdialogbased\x64\debug\mfcdialogbased.tlog\link.write.1.tlog
e:\10.work\17.after eintelligence\03.구직\99.glim\drawcircle\mfcdialogbased\mfcdialogbased\x64\debug\mfcdialogbased.tlog\rc.command.1.tlog
e:\10.work\17.after eintelligence\03.구직\99.glim\drawcircle\mfcdialogbased\mfcdialogbased\x64\debug\mfcdialogbased.tlog\rc.read.1.tlog
e:\10.work\17.after eintelligence\03.구직\99.glim\drawcircle\mfcdialogbased\mfcdialogbased\x64\debug\mfcdialogbased.tlog\rc.write.1.tlog
